--- Copying files at Fri Apr  3 03:20:39 UTC 2020
--- Copying files at Fri Apr  3 03:25:47 UTC 2020
--- Copying files at Sat Apr  4 03:14:33 UTC 2020
--- Copying files at Sat Apr  4 17:14:10 UTC 2020
--- Copying files at Sat Apr  4 18:02:15 UTC 2020
--- Copying files at Sat Apr  4 18:07:22 UTC 2020
--- Copying files at Sun Apr  5 08:04:36 UTC 2020
--- Copying files at Sun Apr  5 10:09:04 UTC 2020
--- Copying files at Sun Apr  5 17:07:47 UTC 2020
--- Copying files at Mon Apr  6 03:28:21 UTC 2020
--- Copying files at Mon Apr  6 16:01:03 UTC 2020
--- Copying files at Tue Apr  7 04:01:11 UTC 2020
--- Copying files at Tue Apr  7 18:49:33 UTC 2020
--- Copying files at Wed Apr  8 01:51:37 UTC 2020
--- Copying files at Wed Apr  8 09:41:32 UTC 2020
--- Copying files at Thu Apr  9 04:43:32 UTC 2020
--- Copying files at Thu Apr  9 20:12:25 UTC 2020
--- Copying files at Thu Apr  9 23:55:55 UTC 2020
--- Copying files at Fri Apr 10 13:58:05 UTC 2020
--- Copying files at Sat Apr 11 20:58:05 UTC 2020
--- Copying files at Sun Apr 12 22:21:39 UTC 2020
--- Copying files at Tue Apr 14 04:57:39 UTC 2020
--- Copying files at Tue Apr 14 12:36:17 UTC 2020
--- Copying files at Wed Apr 15 02:47:51 UTC 2020
--- Copying files at Wed Apr 15 10:56:21 UTC 2020
--- Copying files at Sat Apr 18 15:41:03 UTC 2020
--- Copying files at Sun Apr 19 09:28:03 UTC 2020
--- Copying files at Mon Apr 20 09:47:01 UTC 2020
--- Copying files at Mon Apr 20 16:47:43 UTC 2020
--- Copying files at Thu Apr 23 18:45:37 UTC 2020
--- Copying files at Sat Apr 25 20:29:18 UTC 2020
--- Copying files at Sun May  3 01:41:57 UTC 2020
--- Copying files at Tue May  5 10:35:55 UTC 2020
--- Copying files at Mon May 11 16:01:38 UTC 2020
--- Copying files at Sat May 16 23:24:50 UTC 2020
--- Copying files at Sun May 17 09:44:12 UTC 2020
--- Copying files at Mon May 18 16:09:23 UTC 2020
--- Copying files at Tue May 19 02:12:44 UTC 2020
--- Copying files at Tue May 19 12:28:21 UTC 2020
--- Copying files at Tue May 19 22:12:34 UTC 2020
--- Copying files at Thu May 21 03:35:14 UTC 2020
--- Copying files at Mon Jun  1 00:49:52 UTC 2020
--- Copying files at Mon Jun  1 21:47:51 UTC 2020
--- Copying files at Mon Jun  1 22:06:08 UTC 2020
--- Copying files at Tue Jun  2 02:31:30 UTC 2020
--- Copying files at Tue Jun  2 23:22:56 UTC 2020
--- Copying files at Tue Jun  9 11:54:27 UTC 2020
--- Copying files at Tue Jun  9 15:33:59 UTC 2020
--- Copying files at Wed Jun 10 01:36:46 UTC 2020
--- Copying files at Thu Jun 11 01:31:47 UTC 2020
--- Copying files at Thu Jun 11 21:43:42 UTC 2020
--- Copying files at Sat Jun 13 03:19:41 UTC 2020
--- Copying files at Sat Jun 13 03:26:16 UTC 2020
--- Copying files at Sat Jun 13 20:02:32 UTC 2020
--- Copying files at Sun Jun 14 02:59:23 UTC 2020
--- Copying files at Sun Jun 14 10:46:17 UTC 2020
--- Copying files at Mon Jun 15 02:42:46 UTC 2020
--- Copying files at Mon Jun 15 12:04:58 UTC 2020
--- Copying files at Thu Jun 18 01:26:08 UTC 2020
--- Copying files at Thu Jun 18 01:27:23 UTC 2020
--- Copying files at Thu Jun 18 03:53:40 UTC 2020
--- Copying files at Thu Jun 18 19:48:01 UTC 2020
--- Copying files at Mon Jun 29 22:05:51 UTC 2020
--- Copying files at Mon Jun 29 23:31:35 UTC 2020
--- Copying files at Sun Jul  5 22:45:36 UTC 2020
