2020-03-04T11:31:33.970+0000 I  CONTROL  [main] ***** SERVER RESTARTED *****
2020-03-04T11:31:33.971+0000 I  CONTROL  [main] Automatically disabling TLS 1.0, to force-enable TLS 1.0 specify --sslDisabledProtocols 'none'
2020-03-04T11:31:33.981+0000 I  CONTROL  [initandlisten] MongoDB starting : pid=1 port=7200 dbpath=/data/db 64-bit host=a7bca81ab983
2020-03-04T11:31:33.981+0000 I  CONTROL  [initandlisten] db version v4.2.3
2020-03-04T11:31:33.981+0000 I  CONTROL  [initandlisten] git version: 6874650b362138df74be53d366bbefc321ea32d4
2020-03-04T11:31:33.981+0000 I  CONTROL  [initandlisten] OpenSSL version: OpenSSL 1.1.1  11 Sep 2018
2020-03-04T11:31:33.981+0000 I  CONTROL  [initandlisten] allocator: tcmalloc
2020-03-04T11:31:33.981+0000 I  CONTROL  [initandlisten] modules: none
2020-03-04T11:31:33.981+0000 I  CONTROL  [initandlisten] build environment:
2020-03-04T11:31:33.981+0000 I  CONTROL  [initandlisten]     distmod: ubuntu1804
2020-03-04T11:31:33.981+0000 I  CONTROL  [initandlisten]     distarch: x86_64
2020-03-04T11:31:33.981+0000 I  CONTROL  [initandlisten]     target_arch: x86_64
2020-03-04T11:31:33.981+0000 I  CONTROL  [initandlisten] options: { config: "/etc/mongod.conf", net: { bindIp: "127.0.0.1", port: 7200 }, processManagement: { timeZoneInfo: "/usr/share/zoneinfo" }, security: { authorization: "enabled" }, storage: { dbPath: "/data/db", journal: { enabled: true } }, systemLog: { destination: "file", logAppend: true, path: "/var/log/mongodb/mongod.log" } }
2020-03-04T11:31:34.015+0000 I  STORAGE  [initandlisten] Detected data files in /data/db created by the 'wiredTiger' storage engine, so setting the active storage engine to 'wiredTiger'.
2020-03-04T11:31:34.015+0000 I  STORAGE  [initandlisten] 
2020-03-04T11:31:34.015+0000 I  STORAGE  [initandlisten] ** WARNING: Using the XFS filesystem is strongly recommended with the WiredTiger storage engine
2020-03-04T11:31:34.015+0000 I  STORAGE  [initandlisten] **          See http://dochub.mongodb.org/core/prodnotes-filesystem
2020-03-04T11:31:34.016+0000 I  STORAGE  [initandlisten] wiredtiger_open config: create,cache_size=2479M,cache_overflow=(file_max=0M),session_max=33000,eviction=(threads_min=4,threads_max=4),config_base=false,statistics=(fast),log=(enabled=true,archive=true,path=journal,compressor=snappy),file_manager=(close_idle_time=100000,close_scan_interval=10,close_handle_minimum=250),statistics_log=(wait=0),verbose=[recovery_progress,checkpoint_progress],
2020-03-04T11:31:34.772+0000 I  STORAGE  [initandlisten] WiredTiger message [1583321494:772339][1:0x7f9d2d37ab00], txn-recover: Recovering log 8 through 9
2020-03-04T11:31:34.806+0000 I  STORAGE  [initandlisten] WiredTiger message [1583321494:806926][1:0x7f9d2d37ab00], txn-recover: Recovering log 9 through 9
2020-03-04T11:31:34.855+0000 I  STORAGE  [initandlisten] WiredTiger message [1583321494:855206][1:0x7f9d2d37ab00], txn-recover: Main recovery loop: starting at 8/5888 to 9/256
2020-03-04T11:31:34.923+0000 I  STORAGE  [initandlisten] WiredTiger message [1583321494:923699][1:0x7f9d2d37ab00], txn-recover: Recovering log 8 through 9
2020-03-04T11:31:35.046+0000 I  STORAGE  [initandlisten] WiredTiger message [1583321495:46580][1:0x7f9d2d37ab00], txn-recover: Recovering log 9 through 9
2020-03-04T11:31:35.075+0000 I  STORAGE  [initandlisten] WiredTiger message [1583321495:75809][1:0x7f9d2d37ab00], txn-recover: Set global recovery timestamp: (0, 0)
2020-03-04T11:31:36.197+0000 I  RECOVERY [initandlisten] WiredTiger recoveryTimestamp. Ts: Timestamp(0, 0)
2020-03-04T11:31:36.201+0000 I  STORAGE  [initandlisten] Timestamp monitor starting
2020-03-04T11:31:36.486+0000 I  SHARDING [initandlisten] Marking collection local.system.replset as collection version: <unsharded>
2020-03-04T11:31:36.488+0000 I  STORAGE  [initandlisten] Flow Control is enabled on this deployment.
2020-03-04T11:31:36.488+0000 I  SHARDING [initandlisten] Marking collection admin.system.roles as collection version: <unsharded>
2020-03-04T11:31:36.488+0000 I  SHARDING [initandlisten] Marking collection admin.system.version as collection version: <unsharded>
2020-03-04T11:31:36.489+0000 I  SHARDING [initandlisten] Marking collection local.startup_log as collection version: <unsharded>
2020-03-04T11:31:36.490+0000 I  FTDC     [initandlisten] Initializing full-time diagnostic data capture with directory '/data/db/diagnostic.data'
2020-03-04T11:31:36.491+0000 I  SHARDING [LogicalSessionCacheRefresh] Marking collection config.system.sessions as collection version: <unsharded>
2020-03-04T11:31:36.491+0000 I  NETWORK  [listener] Listening on /tmp/mongodb-7200.sock
2020-03-04T11:31:36.491+0000 I  NETWORK  [listener] Listening on 127.0.0.1
2020-03-04T11:31:36.491+0000 I  SHARDING [LogicalSessionCacheReap] Marking collection config.transactions as collection version: <unsharded>
2020-03-04T11:31:36.491+0000 I  NETWORK  [listener] waiting for connections on port 7200
2020-03-04T11:31:37.000+0000 I  SHARDING [ftdc] Marking collection local.oplog.rs as collection version: <unsharded>
2020-03-04T11:33:11.636+0000 I  CONTROL  [signalProcessingThread] got signal 2 (Interrupt), will terminate after current cmd ends
2020-03-04T11:33:11.636+0000 I  NETWORK  [signalProcessingThread] shutdown: going to close listening sockets...
2020-03-04T11:33:11.637+0000 I  NETWORK  [listener] removing socket file: /tmp/mongodb-7200.sock
2020-03-04T11:33:11.637+0000 I  -        [signalProcessingThread] Stopping further Flow Control ticket acquisitions.
2020-03-04T11:33:11.637+0000 I  CONTROL  [signalProcessingThread] Shutting down free monitoring
2020-03-04T11:33:11.637+0000 I  FTDC     [signalProcessingThread] Shutting down full-time diagnostic data capture
2020-03-04T11:33:11.639+0000 I  STORAGE  [signalProcessingThread] Deregistering all the collections
2020-03-04T11:33:11.639+0000 I  STORAGE  [signalProcessingThread] Timestamp monitor shutting down
2020-03-04T11:33:11.639+0000 I  STORAGE  [signalProcessingThread] WiredTigerKVEngine shutting down
2020-03-04T11:33:11.639+0000 I  STORAGE  [signalProcessingThread] Shutting down session sweeper thread
2020-03-04T11:33:11.639+0000 I  STORAGE  [signalProcessingThread] Finished shutting down session sweeper thread
2020-03-04T11:33:11.639+0000 I  STORAGE  [signalProcessingThread] Shutting down journal flusher thread
2020-03-04T11:33:11.684+0000 I  STORAGE  [signalProcessingThread] Finished shutting down journal flusher thread
2020-03-04T11:33:11.684+0000 I  STORAGE  [signalProcessingThread] Shutting down checkpoint thread
2020-03-04T11:33:11.684+0000 I  STORAGE  [signalProcessingThread] Finished shutting down checkpoint thread
2020-03-04T11:33:12.568+0000 I  STORAGE  [signalProcessingThread] shutdown: removing fs lock...
2020-03-04T11:33:12.568+0000 I  CONTROL  [signalProcessingThread] now exiting
2020-03-04T11:33:12.568+0000 I  CONTROL  [signalProcessingThread] shutting down with code:0
2020-03-04T11:33:19.791+0000 I  CONTROL  [main] ***** SERVER RESTARTED *****
2020-03-04T11:33:19.793+0000 I  CONTROL  [main] Automatically disabling TLS 1.0, to force-enable TLS 1.0 specify --sslDisabledProtocols 'none'
2020-03-04T11:33:19.802+0000 I  CONTROL  [initandlisten] MongoDB starting : pid=1 port=7200 dbpath=/data/db 64-bit host=21e110e5468d
2020-03-04T11:33:19.802+0000 I  CONTROL  [initandlisten] db version v4.2.3
2020-03-04T11:33:19.802+0000 I  CONTROL  [initandlisten] git version: 6874650b362138df74be53d366bbefc321ea32d4
2020-03-04T11:33:19.802+0000 I  CONTROL  [initandlisten] OpenSSL version: OpenSSL 1.1.1  11 Sep 2018
2020-03-04T11:33:19.802+0000 I  CONTROL  [initandlisten] allocator: tcmalloc
2020-03-04T11:33:19.802+0000 I  CONTROL  [initandlisten] modules: none
2020-03-04T11:33:19.802+0000 I  CONTROL  [initandlisten] build environment:
2020-03-04T11:33:19.802+0000 I  CONTROL  [initandlisten]     distmod: ubuntu1804
2020-03-04T11:33:19.802+0000 I  CONTROL  [initandlisten]     distarch: x86_64
2020-03-04T11:33:19.802+0000 I  CONTROL  [initandlisten]     target_arch: x86_64
2020-03-04T11:33:19.802+0000 I  CONTROL  [initandlisten] options: { config: "/etc/mongod.conf", net: { bindIp: "127.0.0.1", port: 7200 }, processManagement: { timeZoneInfo: "/usr/share/zoneinfo" }, security: { authorization: "enabled" }, storage: { dbPath: "/data/db", journal: { enabled: true } }, systemLog: { destination: "file", logAppend: true, path: "/var/log/mongodb/mongod.log" } }
2020-03-04T11:33:19.803+0000 I  STORAGE  [initandlisten] Detected data files in /data/db created by the 'wiredTiger' storage engine, so setting the active storage engine to 'wiredTiger'.
2020-03-04T11:33:19.803+0000 I  STORAGE  [initandlisten] 
2020-03-04T11:33:19.803+0000 I  STORAGE  [initandlisten] ** WARNING: Using the XFS filesystem is strongly recommended with the WiredTiger storage engine
2020-03-04T11:33:19.803+0000 I  STORAGE  [initandlisten] **          See http://dochub.mongodb.org/core/prodnotes-filesystem
2020-03-04T11:33:19.803+0000 I  STORAGE  [initandlisten] wiredtiger_open config: create,cache_size=2479M,cache_overflow=(file_max=0M),session_max=33000,eviction=(threads_min=4,threads_max=4),config_base=false,statistics=(fast),log=(enabled=true,archive=true,path=journal,compressor=snappy),file_manager=(close_idle_time=100000,close_scan_interval=10,close_handle_minimum=250),statistics_log=(wait=0),verbose=[recovery_progress,checkpoint_progress],
2020-03-04T11:33:20.571+0000 I  STORAGE  [initandlisten] WiredTiger message [1583321600:571246][1:0x7fa799993b00], txn-recover: Recovering log 9 through 10
2020-03-04T11:33:20.600+0000 I  STORAGE  [initandlisten] WiredTiger message [1583321600:600235][1:0x7fa799993b00], txn-recover: Recovering log 10 through 10
2020-03-04T11:33:20.648+0000 I  STORAGE  [initandlisten] WiredTiger message [1583321600:648949][1:0x7fa799993b00], txn-recover: Main recovery loop: starting at 9/6144 to 10/256
2020-03-04T11:33:20.708+0000 I  STORAGE  [initandlisten] WiredTiger message [1583321600:708841][1:0x7fa799993b00], txn-recover: Recovering log 9 through 10
2020-03-04T11:33:20.825+0000 I  STORAGE  [initandlisten] WiredTiger message [1583321600:825166][1:0x7fa799993b00], txn-recover: Recovering log 10 through 10
2020-03-04T11:33:20.854+0000 I  STORAGE  [initandlisten] WiredTiger message [1583321600:854139][1:0x7fa799993b00], txn-recover: Set global recovery timestamp: (0, 0)
2020-03-04T11:33:21.676+0000 I  RECOVERY [initandlisten] WiredTiger recoveryTimestamp. Ts: Timestamp(0, 0)
2020-03-04T11:33:21.680+0000 I  STORAGE  [initandlisten] Timestamp monitor starting
2020-03-04T11:33:21.845+0000 I  SHARDING [initandlisten] Marking collection local.system.replset as collection version: <unsharded>
2020-03-04T11:33:21.847+0000 I  STORAGE  [initandlisten] Flow Control is enabled on this deployment.
2020-03-04T11:33:21.847+0000 I  SHARDING [initandlisten] Marking collection admin.system.roles as collection version: <unsharded>
2020-03-04T11:33:21.847+0000 I  SHARDING [initandlisten] Marking collection admin.system.version as collection version: <unsharded>
2020-03-04T11:33:21.849+0000 I  SHARDING [initandlisten] Marking collection local.startup_log as collection version: <unsharded>
2020-03-04T11:33:21.849+0000 I  FTDC     [initandlisten] Initializing full-time diagnostic data capture with directory '/data/db/diagnostic.data'
2020-03-04T11:33:21.850+0000 I  SHARDING [LogicalSessionCacheRefresh] Marking collection config.system.sessions as collection version: <unsharded>
2020-03-04T11:33:21.850+0000 I  SHARDING [LogicalSessionCacheReap] Marking collection config.transactions as collection version: <unsharded>
2020-03-04T11:33:21.850+0000 I  NETWORK  [listener] Listening on /tmp/mongodb-7200.sock
2020-03-04T11:33:21.850+0000 I  NETWORK  [listener] Listening on 127.0.0.1
2020-03-04T11:33:21.850+0000 I  NETWORK  [listener] waiting for connections on port 7200
2020-03-04T11:33:22.000+0000 I  SHARDING [ftdc] Marking collection local.oplog.rs as collection version: <unsharded>
2020-03-04T11:33:25.043+0000 I  CONTROL  [signalProcessingThread] got signal 2 (Interrupt), will terminate after current cmd ends
2020-03-04T11:33:25.043+0000 I  NETWORK  [signalProcessingThread] shutdown: going to close listening sockets...
2020-03-04T11:33:25.043+0000 I  NETWORK  [listener] removing socket file: /tmp/mongodb-7200.sock
2020-03-04T11:33:25.043+0000 I  -        [signalProcessingThread] Stopping further Flow Control ticket acquisitions.
2020-03-04T11:33:25.043+0000 I  CONTROL  [signalProcessingThread] Shutting down free monitoring
2020-03-04T11:33:25.044+0000 I  FTDC     [signalProcessingThread] Shutting down full-time diagnostic data capture
2020-03-04T11:33:25.045+0000 I  STORAGE  [signalProcessingThread] Deregistering all the collections
2020-03-04T11:33:25.045+0000 I  STORAGE  [signalProcessingThread] Timestamp monitor shutting down
2020-03-04T11:33:25.045+0000 I  STORAGE  [signalProcessingThread] WiredTigerKVEngine shutting down
2020-03-04T11:33:25.115+0000 I  STORAGE  [signalProcessingThread] Shutting down session sweeper thread
2020-03-04T11:33:25.115+0000 I  STORAGE  [signalProcessingThread] Finished shutting down session sweeper thread
2020-03-04T11:33:25.115+0000 I  STORAGE  [signalProcessingThread] Shutting down journal flusher thread
2020-03-04T11:33:25.215+0000 I  STORAGE  [signalProcessingThread] Finished shutting down journal flusher thread
2020-03-04T11:33:25.215+0000 I  STORAGE  [signalProcessingThread] Shutting down checkpoint thread
2020-03-04T11:33:25.215+0000 I  STORAGE  [signalProcessingThread] Finished shutting down checkpoint thread
2020-03-04T11:33:26.938+0000 I  STORAGE  [signalProcessingThread] shutdown: removing fs lock...
2020-03-04T11:33:26.938+0000 I  CONTROL  [signalProcessingThread] now exiting
2020-03-04T11:33:26.938+0000 I  CONTROL  [signalProcessingThread] shutting down with code:0
